# JRE version: Java(TM) SE Runtime Environment (8.0_92-b14) (build 1.8.0_92-b14)
# Java VM: Java HotSpot(TM) Client VM (25.92-b14 mixed mode windows-x86 )
Heap:
 def new generation   total 39424K, used 20496K [0x04e00000, 0x078c0000, 0x0f8a0000)
  eden space 35072K,  48% used [0x04e00000, 0x05e8fd00, 0x07040000)
  from space 4352K,  81% used [0x07040000, 0x073b43d8, 0x07480000)
  to   space 4352K,   0% used [0x07480000, 0x07480000, 0x078c0000)
 tenured generation   total 87424K, used 41057K [0x0f8a0000, 0x14e00000, 0x24e00000)
   the space 87424K,  46% used [0x0f8a0000, 0x120b8450, 0x120b8600, 0x14e00000)
 Metaspace       used 19897K, capacity 20407K, committed 20480K, reserved 20864K
GC Heap History (10 events):
Event: 3.133 GC heap before
{Heap before GC invocations=2 (full 0):
 def new generation   total 39296K, used 37440K [0x04e00000, 0x078a0000, 0x0f8a0000)
  eden space 34944K,  94% used [0x04e00000, 0x06e501a8, 0x07020000)
  from space 4352K, 100% used [0x07020000, 0x07460000, 0x07460000)
  to   space 4352K,   0% used [0x07460000, 0x07460000, 0x078a0000)
 tenured generation   total 87424K, used 9378K [0x0f8a0000, 0x14e00000, 0x24e00000)
   the space 87424K,  10% used [0x0f8a0000, 0x101c8978, 0x101c8a00, 0x14e00000)
 Metaspace       used 11877K, capacity 12248K, committed 12288K, reserved 12672K
Event: 3.190 GC heap after
Heap after GC invocations=3 (full 1):
 def new generation   total 39424K, used 0K [0x04e00000, 0x078c0000, 0x0f8a0000)
  eden space 35072K,   0% used [0x04e00000, 0x04e00000, 0x07040000)
  from space 4352K,   0% used [0x07040000, 0x07040000, 0x07480000)
  to   space 4352K,   0% used [0x07480000, 0x07480000, 0x078c0000)
 tenured generation   total 87424K, used 24084K [0x0f8a0000, 0x14e00000, 0x24e00000)
   the space 87424K,  27% used [0x0f8a0000, 0x110252c8, 0x11025400, 0x14e00000)
 Metaspace       used 11877K, capacity 12248K, committed 12288K, reserved 12672K
}
Event: 4.874 GC heap before
{Heap before GC invocations=3 (full 1):
 def new generation   total 39424K, used 35072K [0x04e00000, 0x078c0000, 0x0f8a0000)
  eden space 35072K, 100% used [0x04e00000, 0x07040000, 0x07040000)
  from space 4352K,   0% used [0x07040000, 0x07040000, 0x07480000)
  to   space 4352K,   0% used [0x07480000, 0x07480000, 0x078c0000)
 tenured generation   total 87424K, used 24084K [0x0f8a0000, 0x14e00000, 0x24e00000)
   the space 87424K,  27% used [0x0f8a0000, 0x110252c8, 0x11025400, 0x14e00000)
 Metaspace       used 15135K, capacity 15580K, committed 15616K, reserved 15744K
Event: 4.885 GC heap after
Heap after GC invocations=4 (full 1):
 def new generation   total 39424K, used 4352K [0x04e00000, 0x078c0000, 0x0f8a0000)
  eden space 35072K,   0% used [0x04e00000, 0x04e00000, 0x07040000)
  from space 4352K, 100% used [0x07480000, 0x078c0000, 0x078c0000)
  to   space 4352K,   0% used [0x07040000, 0x07040000, 0x07480000)
 tenured generation   total 87424K, used 25058K [0x0f8a0000, 0x14e00000, 0x24e00000)
   the space 87424K,  28% used [0x0f8a0000, 0x11118af0, 0x11118c00, 0x14e00000)
 Metaspace       used 15135K, capacity 15580K, committed 15616K, reserved 15744K
}
Event: 66.590 GC heap before
{Heap before GC invocations=4 (full 1):
 def new generation   total 39424K, used 39419K [0x04e00000, 0x078c0000, 0x0f8a0000)
  eden space 35072K,  99% used [0x04e00000, 0x0703ec28, 0x07040000)
  from space 4352K, 100% used [0x07480000, 0x078c0000, 0x078c0000)
  to   space 4352K,   0% used [0x07040000, 0x07040000, 0x07480000)
 tenured generation   total 87424K, used 25058K [0x0f8a0000, 0x14e00000, 0x24e00000)
   the space 87424K,  28% used [0x0f8a0000, 0x11118af0, 0x11118c00, 0x14e00000)
 Metaspace       used 18463K, capacity 18937K, committed 18944K, reserved 19840K
Event: 66.612 GC heap after
Heap after GC invocations=5 (full 1):
 def new generation   total 39424K, used 4352K [0x04e00000, 0x078c0000, 0x0f8a0000)
  eden space 35072K,   0% used [0x04e00000, 0x04e00000, 0x07040000)
  from space 4352K, 100% used [0x07040000, 0x07480000, 0x07480000)
  to   space 4352K,   0% used [0x07480000, 0x07480000, 0x078c0000)
 tenured generation   total 87424K, used 36748K [0x0f8a0000, 0x14e00000, 0x24e00000)
   the space 87424K,  42% used [0x0f8a0000, 0x11c83040, 0x11c83200, 0x14e00000)
 Metaspace       used 18463K, capacity 18937K, committed 18944K, reserved 19840K
}
Event: 68.753 GC heap before
{Heap before GC invocations=5 (full 1):
 def new generation   total 39424K, used 39424K [0x04e00000, 0x078c0000, 0x0f8a0000)
  eden space 35072K, 100% used [0x04e00000, 0x07040000, 0x07040000)
  from space 4352K, 100% used [0x07040000, 0x07480000, 0x07480000)
  to   space 4352K,   0% used [0x07480000, 0x07480000, 0x078c0000)
 tenured generation   total 87424K, used 36748K [0x0f8a0000, 0x14e00000, 0x24e00000)
   the space 87424K,  42% used [0x0f8a0000, 0x11c83040, 0x11c83200, 0x14e00000)
 Metaspace       used 19468K, capacity 19959K, committed 19968K, reserved 20864K
Event: 68.764 GC heap after
Heap after GC invocations=6 (full 1):
 def new generation   total 39424K, used 2141K [0x04e00000, 0x078c0000, 0x0f8a0000)
  eden space 35072K,   0% used [0x04e00000, 0x04e00000, 0x07040000)
  from space 4352K,  49% used [0x07480000, 0x07697590, 0x078c0000)
  to   space 4352K,   0% used [0x07040000, 0x07040000, 0x07480000)
 tenured generation   total 87424K, used 41057K [0x0f8a0000, 0x14e00000, 0x24e00000)
   the space 87424K,  46% used [0x0f8a0000, 0x120b8450, 0x120b8600, 0x14e00000)
 Metaspace       used 19468K, capacity 19959K, committed 19968K, reserved 20864K
}
Event: 141.107 GC heap before
{Heap before GC invocations=6 (full 1):
 def new generation   total 39424K, used 37213K [0x04e00000, 0x078c0000, 0x0f8a0000)
  eden space 35072K, 100% used [0x04e00000, 0x07040000, 0x07040000)
  from space 4352K,  49% used [0x07480000, 0x07697590, 0x078c0000)
  to   space 4352K,   0% used [0x07040000, 0x07040000, 0x07480000)
 tenured generation   total 87424K, used 41057K [0x0f8a0000, 0x14e00000, 0x24e00000)
   the space 87424K,  46% used [0x0f8a0000, 0x120b8450, 0x120b8600, 0x14e00000)
 Metaspace       used 19860K, capacity 20375K, committed 20480K, reserved 20864K
Event: 141.116 GC heap after
Heap after GC invocations=7 (full 1):
 def new generation   total 39424K, used 3536K [0x04e00000, 0x078c0000, 0x0f8a0000)
  eden space 35072K,   0% used [0x04e00000, 0x04e00000, 0x07040000)
  from space 4352K,  81% used [0x07040000, 0x073b43d8, 0x07480000)
  to   space 4352K,   0% used [0x07480000, 0x07480000, 0x078c0000)
 tenured generation   total 87424K, used 41057K [0x0f8a0000, 0x14e00000, 0x24e00000)
   the space 87424K,  46% used [0x0f8a0000, 0x120b8450, 0x120b8600, 0x14e00000)
 Metaspace       used 19860K, capacity 20375K, committed 20480K, reserved 20864K
}

